mode: atomic
github.com/tonytheleg/inventory-consumer/common/common.go:22.31,24.2 1 0
github.com/tonytheleg/inventory-consumer/common/common.go:27.83,30.35 2 0
github.com/tonytheleg/inventory-consumer/common/common.go:31.15,32.25 1 0
github.com/tonytheleg/inventory-consumer/common/common.go:33.14,34.24 1 0
github.com/tonytheleg/inventory-consumer/common/common.go:35.14,36.24 1 0
github.com/tonytheleg/inventory-consumer/common/common.go:37.15,38.25 1 0
github.com/tonytheleg/inventory-consumer/common/common.go:39.15,40.25 1 0
github.com/tonytheleg/inventory-consumer/common/common.go:41.10,43.24 2 0
github.com/tonytheleg/inventory-consumer/common/common.go:46.2,57.37 4 0
github.com/tonytheleg/inventory-consumer/common/common.go:61.32,62.14 1 0
github.com/tonytheleg/inventory-consumer/common/common.go:62.14,64.3 1 0
github.com/tonytheleg/inventory-consumer/common/common.go:65.2,65.34 1 0
github.com/tonytheleg/inventory-consumer/common/common.go:66.117,67.36 1 0
github.com/tonytheleg/inventory-consumer/common/common.go:68.21,69.37 1 0
github.com/tonytheleg/inventory-consumer/common/common.go:71.2,71.14 1 0
github.com/tonytheleg/inventory-consumer/common/common.go:74.121,76.54 2 0
github.com/tonytheleg/inventory-consumer/common/common.go:76.54,78.46 2 0
github.com/tonytheleg/inventory-consumer/common/common.go:78.46,79.12 1 0
github.com/tonytheleg/inventory-consumer/common/common.go:80.9,82.4 1 0
github.com/tonytheleg/inventory-consumer/cmd/root.go:28.48,30.3 0 0
github.com/tonytheleg/inventory-consumer/cmd/root.go:33.81,36.15 2 0
github.com/tonytheleg/inventory-consumer/cmd/root.go:36.15,37.16 1 0
github.com/tonytheleg/inventory-consumer/cmd/root.go:37.16,39.18 2 0
github.com/tonytheleg/inventory-consumer/cmd/root.go:39.18,40.43 1 0
github.com/tonytheleg/inventory-consumer/cmd/root.go:40.43,42.6 1 0
github.com/tonytheleg/inventory-consumer/cmd/root.go:42.11,44.6 1 0
github.com/tonytheleg/inventory-consumer/cmd/root.go:52.16,54.16 2 0
github.com/tonytheleg/inventory-consumer/cmd/root.go:54.16,56.3 1 0
github.com/tonytheleg/inventory-consumer/cmd/root.go:59.13,67.16 5 0
github.com/tonytheleg/inventory-consumer/cmd/root.go:67.16,68.13 1 0
github.com/tonytheleg/inventory-consumer/cmd/start.go:13.61,19.48 1 0
github.com/tonytheleg/inventory-consumer/cmd/start.go:19.48,22.46 2 0
github.com/tonytheleg/inventory-consumer/cmd/start.go:22.46,24.5 1 0
github.com/tonytheleg/inventory-consumer/cmd/start.go:25.4,25.46 1 0
github.com/tonytheleg/inventory-consumer/cmd/start.go:25.46,27.5 1 0
github.com/tonytheleg/inventory-consumer/cmd/start.go:28.4,28.23 1 0
github.com/tonytheleg/inventory-consumer/cmd/start.go:28.23,30.20 2 0
github.com/tonytheleg/inventory-consumer/cmd/start.go:30.20,32.6 1 0
github.com/tonytheleg/inventory-consumer/cmd/start.go:35.4,35.23 1 0
github.com/tonytheleg/inventory-consumer/cmd/start.go:35.23,36.15 1 0
github.com/tonytheleg/inventory-consumer/cmd/start.go:36.15,38.109 2 0
github.com/tonytheleg/inventory-consumer/cmd/start.go:38.109,43.21 2 0
github.com/tonytheleg/inventory-consumer/cmd/start.go:43.21,45.8 1 0
github.com/tonytheleg/inventory-consumer/cmd/start.go:46.7,47.45 2 0
github.com/tonytheleg/inventory-consumer/cmd/start.go:47.45,50.110 3 0
github.com/tonytheleg/inventory-consumer/cmd/start.go:50.110,54.9 3 0
github.com/tonytheleg/inventory-consumer/cmd/start.go:55.8,55.16 1 0
github.com/tonytheleg/inventory-consumer/cmd/start.go:56.13,59.8 2 0
github.com/tonytheleg/inventory-consumer/cmd/start.go:61.6,61.48 1 0
github.com/tonytheleg/inventory-consumer/cmd/start.go:66.2,67.17 2 0
github.com/tonytheleg/inventory-consumer/main.go:5.13,7.2 1 0
github.com/tonytheleg/inventory-consumer/consumer/retry/config.go:16.36,20.2 1 0
github.com/tonytheleg/inventory-consumer/consumer/retry/config.go:22.45,24.2 1 0
github.com/tonytheleg/inventory-consumer/consumer/retry/options.go:14.28,21.2 1 3
github.com/tonytheleg/inventory-consumer/consumer/retry/options.go:23.62,24.18 1 1
github.com/tonytheleg/inventory-consumer/consumer/retry/options.go:24.18,26.3 1 1
github.com/tonytheleg/inventory-consumer/consumer/retry/options.go:27.2,30.168 4 1
github.com/tonytheleg/inventory-consumer/consumer/auth/config.go:16.36,20.2 1 0
github.com/tonytheleg/inventory-consumer/consumer/auth/config.go:22.45,24.2 1 0
github.com/tonytheleg/inventory-consumer/consumer/auth/options.go:13.28,17.2 1 3
github.com/tonytheleg/inventory-consumer/consumer/auth/options.go:19.62,20.18 1 1
github.com/tonytheleg/inventory-consumer/consumer/auth/options.go:20.18,22.3 1 1
github.com/tonytheleg/inventory-consumer/consumer/auth/options.go:23.2,27.118 5 1
github.com/tonytheleg/inventory-consumer/metrics/metricscollector.go:20.67,21.15 1 0
github.com/tonytheleg/inventory-consumer/metrics/metricscollector.go:21.15,26.3 2 0
github.com/tonytheleg/inventory-consumer/metrics/metricscollector.go:27.2,32.10 2 0
github.com/tonytheleg/inventory-consumer/metrics/metricscollector.go:103.40,105.16 2 1
github.com/tonytheleg/inventory-consumer/metrics/metricscollector.go:105.16,107.3 1 0
github.com/tonytheleg/inventory-consumer/metrics/metricscollector.go:109.2,110.16 2 1
github.com/tonytheleg/inventory-consumer/metrics/metricscollector.go:110.16,112.3 1 0
github.com/tonytheleg/inventory-consumer/metrics/metricscollector.go:115.2,115.77 1 1
github.com/tonytheleg/inventory-consumer/metrics/metricscollector.go:115.77,117.3 1 0
github.com/tonytheleg/inventory-consumer/metrics/metricscollector.go:120.2,120.84 1 1
github.com/tonytheleg/inventory-consumer/metrics/metricscollector.go:120.84,122.3 1 0
github.com/tonytheleg/inventory-consumer/metrics/metricscollector.go:123.2,123.86 1 1
github.com/tonytheleg/inventory-consumer/metrics/metricscollector.go:123.86,125.3 1 0
github.com/tonytheleg/inventory-consumer/metrics/metricscollector.go:126.2,126.87 1 1
github.com/tonytheleg/inventory-consumer/metrics/metricscollector.go:126.87,128.3 1 0
github.com/tonytheleg/inventory-consumer/metrics/metricscollector.go:129.2,129.82 1 1
github.com/tonytheleg/inventory-consumer/metrics/metricscollector.go:129.82,131.3 1 0
github.com/tonytheleg/inventory-consumer/metrics/metricscollector.go:132.2,132.82 1 1
github.com/tonytheleg/inventory-consumer/metrics/metricscollector.go:132.82,134.3 1 0
github.com/tonytheleg/inventory-consumer/metrics/metricscollector.go:135.2,135.82 1 1
github.com/tonytheleg/inventory-consumer/metrics/metricscollector.go:135.82,137.3 1 0
github.com/tonytheleg/inventory-consumer/metrics/metricscollector.go:138.2,138.88 1 1
github.com/tonytheleg/inventory-consumer/metrics/metricscollector.go:138.88,140.3 1 0
github.com/tonytheleg/inventory-consumer/metrics/metricscollector.go:141.2,141.101 1 1
github.com/tonytheleg/inventory-consumer/metrics/metricscollector.go:141.101,143.3 1 0
github.com/tonytheleg/inventory-consumer/metrics/metricscollector.go:146.2,146.75 1 1
github.com/tonytheleg/inventory-consumer/metrics/metricscollector.go:146.75,148.3 1 0
github.com/tonytheleg/inventory-consumer/metrics/metricscollector.go:149.2,149.81 1 1
github.com/tonytheleg/inventory-consumer/metrics/metricscollector.go:149.81,151.3 1 0
github.com/tonytheleg/inventory-consumer/metrics/metricscollector.go:152.2,152.90 1 1
github.com/tonytheleg/inventory-consumer/metrics/metricscollector.go:152.90,154.3 1 0
github.com/tonytheleg/inventory-consumer/metrics/metricscollector.go:155.2,155.92 1 1
github.com/tonytheleg/inventory-consumer/metrics/metricscollector.go:155.92,157.3 1 0
github.com/tonytheleg/inventory-consumer/metrics/metricscollector.go:158.2,158.94 1 1
github.com/tonytheleg/inventory-consumer/metrics/metricscollector.go:158.94,160.3 1 0
github.com/tonytheleg/inventory-consumer/metrics/metricscollector.go:163.2,163.94 1 1
github.com/tonytheleg/inventory-consumer/metrics/metricscollector.go:163.94,165.3 1 0
github.com/tonytheleg/inventory-consumer/metrics/metricscollector.go:166.2,166.105 1 1
github.com/tonytheleg/inventory-consumer/metrics/metricscollector.go:166.105,168.3 1 0
github.com/tonytheleg/inventory-consumer/metrics/metricscollector.go:169.2,169.96 1 1
github.com/tonytheleg/inventory-consumer/metrics/metricscollector.go:169.96,171.3 1 0
github.com/tonytheleg/inventory-consumer/metrics/metricscollector.go:172.2,172.101 1 1
github.com/tonytheleg/inventory-consumer/metrics/metricscollector.go:172.101,174.3 1 0
github.com/tonytheleg/inventory-consumer/metrics/metricscollector.go:177.2,177.95 1 1
github.com/tonytheleg/inventory-consumer/metrics/metricscollector.go:177.95,179.3 1 0
github.com/tonytheleg/inventory-consumer/metrics/metricscollector.go:180.2,180.12 1 1
github.com/tonytheleg/inventory-consumer/metrics/metricscollector.go:184.53,190.65 3 0
github.com/tonytheleg/inventory-consumer/metrics/metricscollector.go:190.65,191.27 1 0
github.com/tonytheleg/inventory-consumer/metrics/metricscollector.go:191.27,195.81 3 0
github.com/tonytheleg/inventory-consumer/metrics/metricscollector.go:195.81,199.5 1 0
github.com/tonytheleg/inventory-consumer/metrics/metricscollector.go:199.10,203.5 1 0
github.com/tonytheleg/inventory-consumer/metrics/metricscollector.go:205.4,210.135 5 0
github.com/tonytheleg/inventory-consumer/metrics/metricscollector.go:215.2,215.30 1 0
github.com/tonytheleg/inventory-consumer/metrics/metricscollector.go:215.30,219.3 1 0
github.com/tonytheleg/inventory-consumer/metrics/metricscollector.go:219.8,223.3 1 0
github.com/tonytheleg/inventory-consumer/metrics/metricscollector.go:224.2,227.77 4 0
github.com/tonytheleg/inventory-consumer/metrics/metricscollector.go:231.109,236.22 3 0
github.com/tonytheleg/inventory-consumer/metrics/metricscollector.go:236.22,238.3 1 0
github.com/tonytheleg/inventory-consumer/metrics/metricscollector.go:239.2,240.54 2 0
github.com/tonytheleg/inventory-consumer/metrics/otel.go:15.55,17.16 2 1
github.com/tonytheleg/inventory-consumer/metrics/otel.go:17.16,19.3 1 0
github.com/tonytheleg/inventory-consumer/metrics/otel.go:21.2,34.22 3 1
github.com/tonytheleg/inventory-consumer/metrics/otel.go:37.68,39.2 1 1
github.com/tonytheleg/inventory-consumer/consumer/config.go:37.36,44.2 4 2
github.com/tonytheleg/inventory-consumer/consumer/config.go:46.56,50.26 3 1
github.com/tonytheleg/inventory-consumer/consumer/config.go:50.26,52.3 1 0
github.com/tonytheleg/inventory-consumer/consumer/config.go:52.8,54.20 2 1
github.com/tonytheleg/inventory-consumer/consumer/config.go:54.20,55.58 1 0
github.com/tonytheleg/inventory-consumer/consumer/config.go:55.58,57.5 1 0
github.com/tonytheleg/inventory-consumer/consumer/config.go:59.3,59.27 1 1
github.com/tonytheleg/inventory-consumer/consumer/config.go:59.27,66.41 2 1
github.com/tonytheleg/inventory-consumer/consumer/config.go:66.41,67.53 1 4
github.com/tonytheleg/inventory-consumer/consumer/config.go:67.53,69.6 1 0
github.com/tonytheleg/inventory-consumer/consumer/config.go:72.3,83.41 2 1
github.com/tonytheleg/inventory-consumer/consumer/config.go:83.41,84.52 1 9
github.com/tonytheleg/inventory-consumer/consumer/config.go:84.52,86.5 1 0
github.com/tonytheleg/inventory-consumer/consumer/config.go:90.2,90.19 1 1
github.com/tonytheleg/inventory-consumer/consumer/config.go:90.19,92.3 1 0
github.com/tonytheleg/inventory-consumer/consumer/config.go:93.2,101.9 1 1
github.com/tonytheleg/inventory-consumer/consumer/consumer.go:65.94,69.16 4 0
github.com/tonytheleg/inventory-consumer/consumer/consumer.go:69.16,72.3 2 0
github.com/tonytheleg/inventory-consumer/consumer/consumer.go:74.2,76.16 3 0
github.com/tonytheleg/inventory-consumer/consumer/consumer.go:76.16,79.3 2 0
github.com/tonytheleg/inventory-consumer/consumer/consumer.go:81.2,105.8 3 0
github.com/tonytheleg/inventory-consumer/consumer/consumer.go:121.45,123.16 2 0
github.com/tonytheleg/inventory-consumer/consumer/consumer.go:123.16,127.3 3 0
github.com/tonytheleg/inventory-consumer/consumer/consumer.go:130.2,136.10 5 0
github.com/tonytheleg/inventory-consumer/consumer/consumer.go:136.10,137.10 1 0
github.com/tonytheleg/inventory-consumer/consumer/consumer.go:138.18,139.15 1 0
github.com/tonytheleg/inventory-consumer/consumer/consumer.go:140.11,142.20 2 0
github.com/tonytheleg/inventory-consumer/consumer/consumer.go:142.20,143.13 1 0
github.com/tonytheleg/inventory-consumer/consumer/consumer.go:146.4,146.29 1 0
github.com/tonytheleg/inventory-consumer/consumer/consumer.go:147.24,149.19 2 0
github.com/tonytheleg/inventory-consumer/consumer/consumer.go:149.19,153.14 4 0
github.com/tonytheleg/inventory-consumer/consumer/consumer.go:155.5,160.19 3 0
github.com/tonytheleg/inventory-consumer/consumer/consumer.go:160.19,165.14 3 0
github.com/tonytheleg/inventory-consumer/consumer/consumer.go:168.5,168.50 1 0
github.com/tonytheleg/inventory-consumer/consumer/consumer.go:168.50,170.20 2 0
github.com/tonytheleg/inventory-consumer/consumer/consumer.go:170.20,173.7 2 0
github.com/tonytheleg/inventory-consumer/consumer/consumer.go:177.5,178.40 2 0
github.com/tonytheleg/inventory-consumer/consumer/consumer.go:178.40,180.20 2 0
github.com/tonytheleg/inventory-consumer/consumer/consumer.go:180.20,183.15 3 0
github.com/tonytheleg/inventory-consumer/consumer/consumer.go:186.5,189.99 3 0
github.com/tonytheleg/inventory-consumer/consumer/consumer.go:191.21,195.20 2 0
github.com/tonytheleg/inventory-consumer/consumer/consumer.go:195.20,197.6 1 0
github.com/tonytheleg/inventory-consumer/consumer/consumer.go:197.11,199.14 2 0
github.com/tonytheleg/inventory-consumer/consumer/consumer.go:202.22,205.19 3 0
github.com/tonytheleg/inventory-consumer/consumer/consumer.go:205.19,208.14 3 0
github.com/tonytheleg/inventory-consumer/consumer/consumer.go:210.5,210.38 1 0
github.com/tonytheleg/inventory-consumer/consumer/consumer.go:211.12,212.47 1 0
github.com/tonytheleg/inventory-consumer/consumer/consumer.go:216.2,217.32 2 0
github.com/tonytheleg/inventory-consumer/consumer/consumer.go:217.32,219.3 1 0
github.com/tonytheleg/inventory-consumer/consumer/consumer.go:220.2,220.12 1 0
github.com/tonytheleg/inventory-consumer/consumer/consumer.go:223.107,226.19 2 0
github.com/tonytheleg/inventory-consumer/consumer/consumer.go:227.36,229.59 2 0
github.com/tonytheleg/inventory-consumer/consumer/consumer.go:248.36,250.59 2 0
github.com/tonytheleg/inventory-consumer/consumer/consumer.go:269.36,271.59 2 0
github.com/tonytheleg/inventory-consumer/consumer/consumer.go:290.10,293.61 2 0
github.com/tonytheleg/inventory-consumer/consumer/consumer.go:295.2,295.16 1 0
github.com/tonytheleg/inventory-consumer/consumer/consumer.go:298.66,300.32 2 0
github.com/tonytheleg/inventory-consumer/consumer/consumer.go:300.32,302.46 1 0
github.com/tonytheleg/inventory-consumer/consumer/consumer.go:302.46,304.4 1 0
github.com/tonytheleg/inventory-consumer/consumer/consumer.go:308.2,311.71 3 0
github.com/tonytheleg/inventory-consumer/consumer/consumer.go:311.71,313.3 1 0
github.com/tonytheleg/inventory-consumer/consumer/consumer.go:314.2,314.21 1 0
github.com/tonytheleg/inventory-consumer/consumer/consumer.go:317.76,323.16 4 0
github.com/tonytheleg/inventory-consumer/consumer/consumer.go:323.16,325.3 1 0
github.com/tonytheleg/inventory-consumer/consumer/consumer.go:327.2,328.16 2 0
github.com/tonytheleg/inventory-consumer/consumer/consumer.go:328.16,330.3 1 0
github.com/tonytheleg/inventory-consumer/consumer/consumer.go:332.2,333.16 2 0
github.com/tonytheleg/inventory-consumer/consumer/consumer.go:333.16,335.3 1 0
github.com/tonytheleg/inventory-consumer/consumer/consumer.go:336.2,336.19 1 0
github.com/tonytheleg/inventory-consumer/consumer/consumer.go:339.75,345.16 4 0
github.com/tonytheleg/inventory-consumer/consumer/consumer.go:345.16,347.3 1 0
github.com/tonytheleg/inventory-consumer/consumer/consumer.go:349.2,350.16 2 0
github.com/tonytheleg/inventory-consumer/consumer/consumer.go:350.16,352.3 1 0
github.com/tonytheleg/inventory-consumer/consumer/consumer.go:354.2,355.16 2 0
github.com/tonytheleg/inventory-consumer/consumer/consumer.go:355.16,357.3 1 0
github.com/tonytheleg/inventory-consumer/consumer/consumer.go:358.2,358.20 1 0
github.com/tonytheleg/inventory-consumer/consumer/consumer.go:361.50,366.16 3 0
github.com/tonytheleg/inventory-consumer/consumer/consumer.go:366.16,368.3 1 0
github.com/tonytheleg/inventory-consumer/consumer/consumer.go:369.2,369.36 1 0
github.com/tonytheleg/inventory-consumer/consumer/consumer.go:373.57,375.2 1 0
github.com/tonytheleg/inventory-consumer/consumer/consumer.go:378.59,380.36 2 0
github.com/tonytheleg/inventory-consumer/consumer/consumer.go:380.36,382.3 1 0
github.com/tonytheleg/inventory-consumer/consumer/consumer.go:383.2,383.44 1 0
github.com/tonytheleg/inventory-consumer/consumer/consumer.go:387.57,389.16 2 0
github.com/tonytheleg/inventory-consumer/consumer/consumer.go:389.16,391.3 1 0
github.com/tonytheleg/inventory-consumer/consumer/consumer.go:393.2,395.12 3 0
github.com/tonytheleg/inventory-consumer/consumer/consumer.go:399.46,400.28 1 0
github.com/tonytheleg/inventory-consumer/consumer/consumer.go:400.28,402.31 2 0
github.com/tonytheleg/inventory-consumer/consumer/consumer.go:402.31,404.18 2 0
github.com/tonytheleg/inventory-consumer/consumer/consumer.go:404.18,406.5 1 0
github.com/tonytheleg/inventory-consumer/consumer/consumer.go:408.3,409.17 2 0
github.com/tonytheleg/inventory-consumer/consumer/consumer.go:409.17,412.4 2 0
github.com/tonytheleg/inventory-consumer/consumer/consumer.go:413.3,413.19 1 0
github.com/tonytheleg/inventory-consumer/consumer/consumer.go:415.2,415.18 1 0
github.com/tonytheleg/inventory-consumer/consumer/consumer.go:419.85,424.96 4 0
github.com/tonytheleg/inventory-consumer/consumer/consumer.go:424.96,426.17 2 0
github.com/tonytheleg/inventory-consumer/consumer/consumer.go:426.17,430.97 4 0
github.com/tonytheleg/inventory-consumer/consumer/consumer.go:430.97,434.5 3 0
github.com/tonytheleg/inventory-consumer/consumer/consumer.go:435.4,435.12 1 0
github.com/tonytheleg/inventory-consumer/consumer/consumer.go:437.3,437.38 1 0
github.com/tonytheleg/inventory-consumer/consumer/consumer.go:439.2,440.26 2 0
github.com/tonytheleg/inventory-consumer/consumer/consumer.go:445.98,446.28 1 0
github.com/tonytheleg/inventory-consumer/consumer/consumer.go:447.32,449.38 1 0
github.com/tonytheleg/inventory-consumer/consumer/consumer.go:451.31,455.34 2 0
github.com/tonytheleg/inventory-consumer/consumer/consumer.go:455.34,457.4 1 0
github.com/tonytheleg/inventory-consumer/consumer/consumer.go:458.3,459.17 2 0
github.com/tonytheleg/inventory-consumer/consumer/consumer.go:459.17,462.4 2 0
github.com/tonytheleg/inventory-consumer/consumer/consumer.go:464.10,465.53 1 0
github.com/tonytheleg/inventory-consumer/consumer/consumer.go:467.2,467.12 1 0
github.com/tonytheleg/inventory-consumer/consumer/options.go:29.28,46.2 1 5
github.com/tonytheleg/inventory-consumer/consumer/options.go:48.62,49.18 1 1
github.com/tonytheleg/inventory-consumer/consumer/options.go:49.18,51.3 1 1
github.com/tonytheleg/inventory-consumer/consumer/options.go:52.2,67.53 15 1
github.com/tonytheleg/inventory-consumer/consumer/options.go:70.38,73.47 2 4
github.com/tonytheleg/inventory-consumer/consumer/options.go:73.47,75.3 1 1
github.com/tonytheleg/inventory-consumer/consumer/options.go:76.2,76.13 1 4
github.com/tonytheleg/inventory-consumer/consumer/options.go:79.38,81.2 1 0
