mode: atomic
github.com/tonytheleg/inventory-consumer/main.go:5.13,7.2 1 0
github.com/tonytheleg/inventory-consumer/cmd/root.go:35.16,37.16 2 0
github.com/tonytheleg/inventory-consumer/cmd/root.go:37.16,40.3 2 0
github.com/tonytheleg/inventory-consumer/cmd/root.go:44.19,53.25 4 0
github.com/tonytheleg/inventory-consumer/cmd/root.go:53.25,55.3 1 0
github.com/tonytheleg/inventory-consumer/cmd/root.go:58.13,65.16 5 0
github.com/tonytheleg/inventory-consumer/cmd/root.go:65.16,66.13 1 0
github.com/tonytheleg/inventory-consumer/cmd/root.go:69.2,77.16 5 0
github.com/tonytheleg/inventory-consumer/cmd/root.go:77.16,78.13 1 0
github.com/tonytheleg/inventory-consumer/cmd/root.go:83.19,84.19 1 0
github.com/tonytheleg/inventory-consumer/cmd/root.go:84.19,86.3 1 0
github.com/tonytheleg/inventory-consumer/cmd/root.go:86.8,87.82 1 0
github.com/tonytheleg/inventory-consumer/cmd/root.go:87.82,89.18 2 0
github.com/tonytheleg/inventory-consumer/cmd/root.go:89.18,91.5 1 0
github.com/tonytheleg/inventory-consumer/cmd/root.go:93.4,94.47 2 0
github.com/tonytheleg/inventory-consumer/cmd/root.go:94.47,96.5 1 0
github.com/tonytheleg/inventory-consumer/cmd/root.go:97.9,106.4 6 0
github.com/tonytheleg/inventory-consumer/cmd/root.go:109.2,112.45 3 0
github.com/tonytheleg/inventory-consumer/cmd/root.go:112.45,113.13 1 0
github.com/tonytheleg/inventory-consumer/cmd/root.go:114.8,116.3 1 0
github.com/tonytheleg/inventory-consumer/cmd/root.go:119.2,119.50 1 0
github.com/tonytheleg/inventory-consumer/cmd/root.go:119.50,120.13 1 0
github.com/tonytheleg/inventory-consumer/cmd/start.go:17.136,23.55 1 0
github.com/tonytheleg/inventory-consumer/cmd/start.go:23.55,28.54 3 0
github.com/tonytheleg/inventory-consumer/cmd/start.go:28.54,30.5 1 0
github.com/tonytheleg/inventory-consumer/cmd/start.go:31.4,31.54 1 0
github.com/tonytheleg/inventory-consumer/cmd/start.go:31.54,33.5 1 0
github.com/tonytheleg/inventory-consumer/cmd/start.go:34.4,35.19 2 0
github.com/tonytheleg/inventory-consumer/cmd/start.go:35.19,37.5 1 0
github.com/tonytheleg/inventory-consumer/cmd/start.go:40.4,40.52 1 0
github.com/tonytheleg/inventory-consumer/cmd/start.go:40.52,42.5 1 0
github.com/tonytheleg/inventory-consumer/cmd/start.go:43.4,43.52 1 0
github.com/tonytheleg/inventory-consumer/cmd/start.go:43.52,45.5 1 0
github.com/tonytheleg/inventory-consumer/cmd/start.go:46.4,47.19 2 0
github.com/tonytheleg/inventory-consumer/cmd/start.go:47.19,49.5 1 0
github.com/tonytheleg/inventory-consumer/cmd/start.go:50.4,51.18 2 0
github.com/tonytheleg/inventory-consumer/cmd/start.go:51.18,53.5 1 0
github.com/tonytheleg/inventory-consumer/cmd/start.go:55.4,59.14 4 0
github.com/tonytheleg/inventory-consumer/cmd/start.go:59.14,61.5 1 0
github.com/tonytheleg/inventory-consumer/cmd/start.go:62.4,62.11 1 0
github.com/tonytheleg/inventory-consumer/cmd/start.go:63.16,64.86 1 0
github.com/tonytheleg/inventory-consumer/cmd/start.go:65.26,66.36 1 0
github.com/tonytheleg/inventory-consumer/cmd/start.go:68.4,68.14 1 0
github.com/tonytheleg/inventory-consumer/cmd/start.go:72.2,74.17 3 0
github.com/tonytheleg/inventory-consumer/cmd/start.go:77.81,80.15 2 0
github.com/tonytheleg/inventory-consumer/cmd/start.go:80.15,81.16 1 0
github.com/tonytheleg/inventory-consumer/cmd/start.go:81.16,83.18 2 0
github.com/tonytheleg/inventory-consumer/cmd/start.go:83.18,84.43 1 0
github.com/tonytheleg/inventory-consumer/cmd/start.go:84.43,86.6 1 0
github.com/tonytheleg/inventory-consumer/cmd/start.go:86.11,88.6 1 0
github.com/tonytheleg/inventory-consumer/internal/config/config.go:16.40,21.2 1 0
github.com/tonytheleg/inventory-consumer/internal/config/config.go:24.51,47.2 2 0
github.com/tonytheleg/inventory-consumer/internal/common/common.go:23.27,27.2 3 0
github.com/tonytheleg/inventory-consumer/internal/common/common.go:29.31,31.2 1 0
github.com/tonytheleg/inventory-consumer/internal/common/common.go:34.83,37.35 2 0
github.com/tonytheleg/inventory-consumer/internal/common/common.go:38.15,39.25 1 0
github.com/tonytheleg/inventory-consumer/internal/common/common.go:40.14,41.24 1 0
github.com/tonytheleg/inventory-consumer/internal/common/common.go:42.14,43.24 1 0
github.com/tonytheleg/inventory-consumer/internal/common/common.go:44.15,45.25 1 0
github.com/tonytheleg/inventory-consumer/internal/common/common.go:46.15,47.25 1 0
github.com/tonytheleg/inventory-consumer/internal/common/common.go:48.10,50.24 2 0
github.com/tonytheleg/inventory-consumer/internal/common/common.go:53.2,64.37 4 0
github.com/tonytheleg/inventory-consumer/internal/common/common.go:68.32,69.14 1 0
github.com/tonytheleg/inventory-consumer/internal/common/common.go:69.14,71.3 1 0
github.com/tonytheleg/inventory-consumer/internal/common/common.go:72.2,72.34 1 0
github.com/tonytheleg/inventory-consumer/internal/common/common.go:73.117,74.36 1 0
github.com/tonytheleg/inventory-consumer/internal/common/common.go:75.21,76.37 1 0
github.com/tonytheleg/inventory-consumer/internal/common/common.go:78.2,78.14 1 0
github.com/tonytheleg/inventory-consumer/internal/common/common.go:81.121,83.54 2 0
github.com/tonytheleg/inventory-consumer/internal/common/common.go:83.54,85.46 2 0
github.com/tonytheleg/inventory-consumer/internal/common/common.go:85.46,86.12 1 0
github.com/tonytheleg/inventory-consumer/internal/common/common.go:87.9,89.4 1 0
github.com/tonytheleg/inventory-consumer/internal/client/client.go:11.83,19.16 3 0
github.com/tonytheleg/inventory-consumer/internal/client/client.go:19.16,21.3 1 0
github.com/tonytheleg/inventory-consumer/internal/client/client.go:22.2,22.20 1 0
github.com/tonytheleg/inventory-consumer/internal/client/config.go:13.36,15.2 1 0
github.com/tonytheleg/inventory-consumer/internal/client/config.go:35.56,39.16 3 0
github.com/tonytheleg/inventory-consumer/internal/client/config.go:39.16,41.3 1 0
github.com/tonytheleg/inventory-consumer/internal/client/config.go:41.8,44.3 2 0
github.com/tonytheleg/inventory-consumer/internal/client/config.go:46.2,50.16 2 0
github.com/tonytheleg/inventory-consumer/internal/client/config.go:50.16,52.3 1 0
github.com/tonytheleg/inventory-consumer/internal/client/config.go:54.2,68.8 2 0
github.com/tonytheleg/inventory-consumer/internal/client/options.go:18.28,23.2 1 0
github.com/tonytheleg/inventory-consumer/internal/client/options.go:25.62,26.18 1 0
github.com/tonytheleg/inventory-consumer/internal/client/options.go:26.18,28.3 1 0
github.com/tonytheleg/inventory-consumer/internal/client/options.go:29.2,34.138 6 0
github.com/tonytheleg/inventory-consumer/internal/client/options.go:37.38,40.30 2 0
github.com/tonytheleg/inventory-consumer/internal/client/options.go:40.30,42.3 1 0
github.com/tonytheleg/inventory-consumer/internal/client/options.go:44.2,44.13 1 0
github.com/tonytheleg/inventory-consumer/internal/client/options.go:47.38,51.2 2 0
github.com/tonytheleg/inventory-consumer/consumer/retry/config.go:16.36,20.2 1 0
github.com/tonytheleg/inventory-consumer/consumer/retry/config.go:22.45,24.2 1 0
github.com/tonytheleg/inventory-consumer/consumer/retry/options.go:14.28,21.2 1 3
github.com/tonytheleg/inventory-consumer/consumer/retry/options.go:23.62,24.18 1 1
github.com/tonytheleg/inventory-consumer/consumer/retry/options.go:24.18,26.3 1 1
github.com/tonytheleg/inventory-consumer/consumer/retry/options.go:27.2,30.168 4 1
github.com/tonytheleg/inventory-consumer/internal/common/common.go:23.27,27.2 3 0
github.com/tonytheleg/inventory-consumer/internal/common/common.go:29.31,31.2 1 0
github.com/tonytheleg/inventory-consumer/internal/common/common.go:34.83,37.35 2 0
github.com/tonytheleg/inventory-consumer/internal/common/common.go:38.15,39.25 1 0
github.com/tonytheleg/inventory-consumer/internal/common/common.go:40.14,41.24 1 0
github.com/tonytheleg/inventory-consumer/internal/common/common.go:42.14,43.24 1 0
github.com/tonytheleg/inventory-consumer/internal/common/common.go:44.15,45.25 1 0
github.com/tonytheleg/inventory-consumer/internal/common/common.go:46.15,47.25 1 0
github.com/tonytheleg/inventory-consumer/internal/common/common.go:48.10,50.24 2 0
github.com/tonytheleg/inventory-consumer/internal/common/common.go:53.2,64.37 4 0
github.com/tonytheleg/inventory-consumer/internal/common/common.go:68.32,69.14 1 0
github.com/tonytheleg/inventory-consumer/internal/common/common.go:69.14,71.3 1 0
github.com/tonytheleg/inventory-consumer/internal/common/common.go:72.2,72.34 1 0
github.com/tonytheleg/inventory-consumer/internal/common/common.go:73.117,74.36 1 0
github.com/tonytheleg/inventory-consumer/internal/common/common.go:75.21,76.37 1 0
github.com/tonytheleg/inventory-consumer/internal/common/common.go:78.2,78.14 1 0
github.com/tonytheleg/inventory-consumer/internal/common/common.go:81.121,83.54 2 1
github.com/tonytheleg/inventory-consumer/internal/common/common.go:83.54,85.46 2 4
github.com/tonytheleg/inventory-consumer/internal/common/common.go:85.46,86.12 1 0
github.com/tonytheleg/inventory-consumer/internal/common/common.go:87.9,89.4 1 4
github.com/tonytheleg/inventory-consumer/consumer/auth/config.go:16.36,20.2 1 0
github.com/tonytheleg/inventory-consumer/consumer/auth/config.go:22.45,24.2 1 0
github.com/tonytheleg/inventory-consumer/consumer/auth/options.go:13.28,17.2 1 3
github.com/tonytheleg/inventory-consumer/consumer/auth/options.go:19.62,20.18 1 1
github.com/tonytheleg/inventory-consumer/consumer/auth/options.go:20.18,22.3 1 1
github.com/tonytheleg/inventory-consumer/consumer/auth/options.go:23.2,27.118 5 1
github.com/tonytheleg/inventory-consumer/internal/common/common.go:23.27,27.2 3 0
github.com/tonytheleg/inventory-consumer/internal/common/common.go:29.31,31.2 1 0
github.com/tonytheleg/inventory-consumer/internal/common/common.go:34.83,37.35 2 0
github.com/tonytheleg/inventory-consumer/internal/common/common.go:38.15,39.25 1 0
github.com/tonytheleg/inventory-consumer/internal/common/common.go:40.14,41.24 1 0
github.com/tonytheleg/inventory-consumer/internal/common/common.go:42.14,43.24 1 0
github.com/tonytheleg/inventory-consumer/internal/common/common.go:44.15,45.25 1 0
github.com/tonytheleg/inventory-consumer/internal/common/common.go:46.15,47.25 1 0
github.com/tonytheleg/inventory-consumer/internal/common/common.go:48.10,50.24 2 0
github.com/tonytheleg/inventory-consumer/internal/common/common.go:53.2,64.37 4 0
github.com/tonytheleg/inventory-consumer/internal/common/common.go:68.32,69.14 1 0
github.com/tonytheleg/inventory-consumer/internal/common/common.go:69.14,71.3 1 0
github.com/tonytheleg/inventory-consumer/internal/common/common.go:72.2,72.34 1 0
github.com/tonytheleg/inventory-consumer/internal/common/common.go:73.117,74.36 1 0
github.com/tonytheleg/inventory-consumer/internal/common/common.go:75.21,76.37 1 0
github.com/tonytheleg/inventory-consumer/internal/common/common.go:78.2,78.14 1 0
github.com/tonytheleg/inventory-consumer/internal/common/common.go:81.121,83.54 2 1
github.com/tonytheleg/inventory-consumer/internal/common/common.go:83.54,85.46 2 5
github.com/tonytheleg/inventory-consumer/internal/common/common.go:85.46,86.12 1 0
github.com/tonytheleg/inventory-consumer/internal/common/common.go:87.9,89.4 1 5
github.com/tonytheleg/inventory-consumer/metrics/metricscollector.go:20.67,21.15 1 0
github.com/tonytheleg/inventory-consumer/metrics/metricscollector.go:21.15,26.3 2 0
github.com/tonytheleg/inventory-consumer/metrics/metricscollector.go:27.2,32.10 2 0
github.com/tonytheleg/inventory-consumer/metrics/metricscollector.go:103.40,105.16 2 1
github.com/tonytheleg/inventory-consumer/metrics/metricscollector.go:105.16,107.3 1 0
github.com/tonytheleg/inventory-consumer/metrics/metricscollector.go:109.2,110.16 2 1
github.com/tonytheleg/inventory-consumer/metrics/metricscollector.go:110.16,112.3 1 0
github.com/tonytheleg/inventory-consumer/metrics/metricscollector.go:115.2,115.77 1 1
github.com/tonytheleg/inventory-consumer/metrics/metricscollector.go:115.77,117.3 1 0
github.com/tonytheleg/inventory-consumer/metrics/metricscollector.go:120.2,120.84 1 1
github.com/tonytheleg/inventory-consumer/metrics/metricscollector.go:120.84,122.3 1 0
github.com/tonytheleg/inventory-consumer/metrics/metricscollector.go:123.2,123.86 1 1
github.com/tonytheleg/inventory-consumer/metrics/metricscollector.go:123.86,125.3 1 0
github.com/tonytheleg/inventory-consumer/metrics/metricscollector.go:126.2,126.87 1 1
github.com/tonytheleg/inventory-consumer/metrics/metricscollector.go:126.87,128.3 1 0
github.com/tonytheleg/inventory-consumer/metrics/metricscollector.go:129.2,129.82 1 1
github.com/tonytheleg/inventory-consumer/metrics/metricscollector.go:129.82,131.3 1 0
github.com/tonytheleg/inventory-consumer/metrics/metricscollector.go:132.2,132.82 1 1
github.com/tonytheleg/inventory-consumer/metrics/metricscollector.go:132.82,134.3 1 0
github.com/tonytheleg/inventory-consumer/metrics/metricscollector.go:135.2,135.82 1 1
github.com/tonytheleg/inventory-consumer/metrics/metricscollector.go:135.82,137.3 1 0
github.com/tonytheleg/inventory-consumer/metrics/metricscollector.go:138.2,138.88 1 1
github.com/tonytheleg/inventory-consumer/metrics/metricscollector.go:138.88,140.3 1 0
github.com/tonytheleg/inventory-consumer/metrics/metricscollector.go:141.2,141.101 1 1
github.com/tonytheleg/inventory-consumer/metrics/metricscollector.go:141.101,143.3 1 0
github.com/tonytheleg/inventory-consumer/metrics/metricscollector.go:146.2,146.75 1 1
github.com/tonytheleg/inventory-consumer/metrics/metricscollector.go:146.75,148.3 1 0
github.com/tonytheleg/inventory-consumer/metrics/metricscollector.go:149.2,149.81 1 1
github.com/tonytheleg/inventory-consumer/metrics/metricscollector.go:149.81,151.3 1 0
github.com/tonytheleg/inventory-consumer/metrics/metricscollector.go:152.2,152.90 1 1
github.com/tonytheleg/inventory-consumer/metrics/metricscollector.go:152.90,154.3 1 0
github.com/tonytheleg/inventory-consumer/metrics/metricscollector.go:155.2,155.92 1 1
github.com/tonytheleg/inventory-consumer/metrics/metricscollector.go:155.92,157.3 1 0
github.com/tonytheleg/inventory-consumer/metrics/metricscollector.go:158.2,158.94 1 1
github.com/tonytheleg/inventory-consumer/metrics/metricscollector.go:158.94,160.3 1 0
github.com/tonytheleg/inventory-consumer/metrics/metricscollector.go:163.2,163.94 1 1
github.com/tonytheleg/inventory-consumer/metrics/metricscollector.go:163.94,165.3 1 0
github.com/tonytheleg/inventory-consumer/metrics/metricscollector.go:166.2,166.105 1 1
github.com/tonytheleg/inventory-consumer/metrics/metricscollector.go:166.105,168.3 1 0
github.com/tonytheleg/inventory-consumer/metrics/metricscollector.go:169.2,169.96 1 1
github.com/tonytheleg/inventory-consumer/metrics/metricscollector.go:169.96,171.3 1 0
github.com/tonytheleg/inventory-consumer/metrics/metricscollector.go:172.2,172.101 1 1
github.com/tonytheleg/inventory-consumer/metrics/metricscollector.go:172.101,174.3 1 0
github.com/tonytheleg/inventory-consumer/metrics/metricscollector.go:177.2,177.95 1 1
github.com/tonytheleg/inventory-consumer/metrics/metricscollector.go:177.95,179.3 1 0
github.com/tonytheleg/inventory-consumer/metrics/metricscollector.go:180.2,180.12 1 1
github.com/tonytheleg/inventory-consumer/metrics/metricscollector.go:184.53,190.65 3 0
github.com/tonytheleg/inventory-consumer/metrics/metricscollector.go:190.65,191.27 1 0
github.com/tonytheleg/inventory-consumer/metrics/metricscollector.go:191.27,195.81 3 0
github.com/tonytheleg/inventory-consumer/metrics/metricscollector.go:195.81,199.5 1 0
github.com/tonytheleg/inventory-consumer/metrics/metricscollector.go:199.10,203.5 1 0
github.com/tonytheleg/inventory-consumer/metrics/metricscollector.go:205.4,210.135 5 0
github.com/tonytheleg/inventory-consumer/metrics/metricscollector.go:215.2,215.30 1 0
github.com/tonytheleg/inventory-consumer/metrics/metricscollector.go:215.30,219.3 1 0
github.com/tonytheleg/inventory-consumer/metrics/metricscollector.go:219.8,223.3 1 0
github.com/tonytheleg/inventory-consumer/metrics/metricscollector.go:224.2,227.77 4 0
github.com/tonytheleg/inventory-consumer/metrics/metricscollector.go:231.109,236.22 3 0
github.com/tonytheleg/inventory-consumer/metrics/metricscollector.go:236.22,238.3 1 0
github.com/tonytheleg/inventory-consumer/metrics/metricscollector.go:239.2,240.54 2 0
github.com/tonytheleg/inventory-consumer/metrics/otel.go:15.55,17.16 2 1
github.com/tonytheleg/inventory-consumer/metrics/otel.go:17.16,19.3 1 0
github.com/tonytheleg/inventory-consumer/metrics/otel.go:21.2,34.22 3 1
github.com/tonytheleg/inventory-consumer/metrics/otel.go:37.68,39.2 1 1
github.com/tonytheleg/inventory-consumer/consumer/config.go:35.36,42.2 4 2
github.com/tonytheleg/inventory-consumer/consumer/config.go:44.56,48.26 3 1
github.com/tonytheleg/inventory-consumer/consumer/config.go:48.26,50.3 1 0
github.com/tonytheleg/inventory-consumer/consumer/config.go:50.8,52.20 2 1
github.com/tonytheleg/inventory-consumer/consumer/config.go:52.20,53.58 1 0
github.com/tonytheleg/inventory-consumer/consumer/config.go:53.58,55.5 1 0
github.com/tonytheleg/inventory-consumer/consumer/config.go:57.3,57.27 1 1
github.com/tonytheleg/inventory-consumer/consumer/config.go:57.27,64.41 2 0
github.com/tonytheleg/inventory-consumer/consumer/config.go:64.41,65.53 1 0
github.com/tonytheleg/inventory-consumer/consumer/config.go:65.53,67.6 1 0
github.com/tonytheleg/inventory-consumer/consumer/config.go:70.3,81.41 2 1
github.com/tonytheleg/inventory-consumer/consumer/config.go:81.41,82.52 1 9
github.com/tonytheleg/inventory-consumer/consumer/config.go:82.52,84.5 1 0
github.com/tonytheleg/inventory-consumer/consumer/config.go:88.2,88.19 1 1
github.com/tonytheleg/inventory-consumer/consumer/config.go:88.19,90.3 1 0
github.com/tonytheleg/inventory-consumer/consumer/config.go:91.2,97.9 1 1
github.com/tonytheleg/inventory-consumer/consumer/consumer.go:64.114,68.16 4 0
github.com/tonytheleg/inventory-consumer/consumer/consumer.go:68.16,71.3 2 0
github.com/tonytheleg/inventory-consumer/consumer/consumer.go:73.2,75.16 3 0
github.com/tonytheleg/inventory-consumer/consumer/consumer.go:75.16,78.3 2 0
github.com/tonytheleg/inventory-consumer/consumer/consumer.go:80.2,104.8 3 0
github.com/tonytheleg/inventory-consumer/consumer/consumer.go:120.134,122.105 2 0
github.com/tonytheleg/inventory-consumer/consumer/consumer.go:122.105,127.17 2 0
github.com/tonytheleg/inventory-consumer/consumer/consumer.go:127.17,129.4 1 0
github.com/tonytheleg/inventory-consumer/consumer/consumer.go:130.3,131.32 2 0
github.com/tonytheleg/inventory-consumer/consumer/consumer.go:131.32,134.106 3 0
github.com/tonytheleg/inventory-consumer/consumer/consumer.go:134.106,138.5 3 0
github.com/tonytheleg/inventory-consumer/consumer/consumer.go:139.4,139.12 1 0
github.com/tonytheleg/inventory-consumer/consumer/consumer.go:140.9,143.4 2 0
github.com/tonytheleg/inventory-consumer/consumer/consumer.go:145.2,145.12 1 0
github.com/tonytheleg/inventory-consumer/consumer/consumer.go:149.45,151.16 2 0
github.com/tonytheleg/inventory-consumer/consumer/consumer.go:151.16,155.3 3 0
github.com/tonytheleg/inventory-consumer/consumer/consumer.go:158.2,164.10 5 0
github.com/tonytheleg/inventory-consumer/consumer/consumer.go:164.10,165.10 1 0
github.com/tonytheleg/inventory-consumer/consumer/consumer.go:166.18,167.15 1 0
github.com/tonytheleg/inventory-consumer/consumer/consumer.go:168.11,170.20 2 0
github.com/tonytheleg/inventory-consumer/consumer/consumer.go:170.20,171.13 1 0
github.com/tonytheleg/inventory-consumer/consumer/consumer.go:174.4,174.29 1 0
github.com/tonytheleg/inventory-consumer/consumer/consumer.go:175.24,177.19 2 0
github.com/tonytheleg/inventory-consumer/consumer/consumer.go:177.19,181.14 4 0
github.com/tonytheleg/inventory-consumer/consumer/consumer.go:183.5,188.19 3 0
github.com/tonytheleg/inventory-consumer/consumer/consumer.go:188.19,193.14 3 0
github.com/tonytheleg/inventory-consumer/consumer/consumer.go:196.5,196.42 1 0
github.com/tonytheleg/inventory-consumer/consumer/consumer.go:196.42,198.20 2 0
github.com/tonytheleg/inventory-consumer/consumer/consumer.go:198.20,201.7 2 0
github.com/tonytheleg/inventory-consumer/consumer/consumer.go:205.5,206.40 2 0
github.com/tonytheleg/inventory-consumer/consumer/consumer.go:206.40,208.20 2 0
github.com/tonytheleg/inventory-consumer/consumer/consumer.go:208.20,211.15 3 0
github.com/tonytheleg/inventory-consumer/consumer/consumer.go:214.5,217.99 3 0
github.com/tonytheleg/inventory-consumer/consumer/consumer.go:219.21,223.20 2 0
github.com/tonytheleg/inventory-consumer/consumer/consumer.go:223.20,225.6 1 0
github.com/tonytheleg/inventory-consumer/consumer/consumer.go:225.11,227.14 2 0
github.com/tonytheleg/inventory-consumer/consumer/consumer.go:230.22,233.19 3 0
github.com/tonytheleg/inventory-consumer/consumer/consumer.go:233.19,236.14 3 0
github.com/tonytheleg/inventory-consumer/consumer/consumer.go:238.5,238.38 1 0
github.com/tonytheleg/inventory-consumer/consumer/consumer.go:239.12,240.47 1 0
github.com/tonytheleg/inventory-consumer/consumer/consumer.go:244.2,245.32 2 0
github.com/tonytheleg/inventory-consumer/consumer/consumer.go:245.32,247.3 1 0
github.com/tonytheleg/inventory-consumer/consumer/consumer.go:248.2,248.12 1 0
github.com/tonytheleg/inventory-consumer/consumer/consumer.go:251.107,254.19 2 0
github.com/tonytheleg/inventory-consumer/consumer/consumer.go:255.28,257.59 2 0
github.com/tonytheleg/inventory-consumer/consumer/consumer.go:276.28,278.59 2 0
github.com/tonytheleg/inventory-consumer/consumer/consumer.go:297.28,299.59 2 0
github.com/tonytheleg/inventory-consumer/consumer/consumer.go:318.10,321.61 2 0
github.com/tonytheleg/inventory-consumer/consumer/consumer.go:323.2,323.16 1 0
github.com/tonytheleg/inventory-consumer/consumer/consumer.go:326.66,328.32 2 0
github.com/tonytheleg/inventory-consumer/consumer/consumer.go:328.32,330.46 1 0
github.com/tonytheleg/inventory-consumer/consumer/consumer.go:330.46,332.4 1 0
github.com/tonytheleg/inventory-consumer/consumer/consumer.go:336.2,339.71 3 0
github.com/tonytheleg/inventory-consumer/consumer/consumer.go:339.71,341.3 1 0
github.com/tonytheleg/inventory-consumer/consumer/consumer.go:342.2,342.21 1 0
github.com/tonytheleg/inventory-consumer/consumer/consumer.go:389.50,394.16 3 0
github.com/tonytheleg/inventory-consumer/consumer/consumer.go:394.16,396.3 1 0
github.com/tonytheleg/inventory-consumer/consumer/consumer.go:397.2,397.36 1 0
github.com/tonytheleg/inventory-consumer/consumer/consumer.go:401.57,403.2 1 0
github.com/tonytheleg/inventory-consumer/consumer/consumer.go:406.59,408.36 2 0
github.com/tonytheleg/inventory-consumer/consumer/consumer.go:408.36,410.3 1 0
github.com/tonytheleg/inventory-consumer/consumer/consumer.go:411.2,411.44 1 0
github.com/tonytheleg/inventory-consumer/consumer/consumer.go:415.57,417.16 2 0
github.com/tonytheleg/inventory-consumer/consumer/consumer.go:417.16,419.3 1 0
github.com/tonytheleg/inventory-consumer/consumer/consumer.go:421.2,423.12 3 0
github.com/tonytheleg/inventory-consumer/consumer/consumer.go:427.46,428.28 1 0
github.com/tonytheleg/inventory-consumer/consumer/consumer.go:428.28,430.31 2 0
github.com/tonytheleg/inventory-consumer/consumer/consumer.go:430.31,432.18 2 0
github.com/tonytheleg/inventory-consumer/consumer/consumer.go:432.18,434.5 1 0
github.com/tonytheleg/inventory-consumer/consumer/consumer.go:436.3,437.17 2 0
github.com/tonytheleg/inventory-consumer/consumer/consumer.go:437.17,440.4 2 0
github.com/tonytheleg/inventory-consumer/consumer/consumer.go:441.3,441.19 1 0
github.com/tonytheleg/inventory-consumer/consumer/consumer.go:443.2,443.18 1 0
github.com/tonytheleg/inventory-consumer/consumer/consumer.go:447.85,452.96 4 0
github.com/tonytheleg/inventory-consumer/consumer/consumer.go:452.96,454.17 2 0
github.com/tonytheleg/inventory-consumer/consumer/consumer.go:454.17,458.97 4 0
github.com/tonytheleg/inventory-consumer/consumer/consumer.go:458.97,462.5 3 0
github.com/tonytheleg/inventory-consumer/consumer/consumer.go:463.4,463.12 1 0
github.com/tonytheleg/inventory-consumer/consumer/consumer.go:465.3,465.38 1 0
github.com/tonytheleg/inventory-consumer/consumer/consumer.go:467.2,468.26 2 0
github.com/tonytheleg/inventory-consumer/consumer/consumer.go:473.98,474.28 1 0
github.com/tonytheleg/inventory-consumer/consumer/consumer.go:475.32,477.38 1 0
github.com/tonytheleg/inventory-consumer/consumer/consumer.go:479.31,483.34 2 0
github.com/tonytheleg/inventory-consumer/consumer/consumer.go:483.34,485.4 1 0
github.com/tonytheleg/inventory-consumer/consumer/consumer.go:486.3,487.17 2 0
github.com/tonytheleg/inventory-consumer/consumer/consumer.go:487.17,490.4 2 0
github.com/tonytheleg/inventory-consumer/consumer/consumer.go:492.10,493.53 1 0
github.com/tonytheleg/inventory-consumer/consumer/consumer.go:495.2,495.12 1 0
github.com/tonytheleg/inventory-consumer/consumer/options.go:27.28,42.2 1 5
github.com/tonytheleg/inventory-consumer/consumer/options.go:44.62,45.18 1 1
github.com/tonytheleg/inventory-consumer/consumer/options.go:45.18,47.3 1 1
github.com/tonytheleg/inventory-consumer/consumer/options.go:48.2,61.53 13 1
github.com/tonytheleg/inventory-consumer/consumer/options.go:64.38,67.47 2 4
github.com/tonytheleg/inventory-consumer/consumer/options.go:67.47,69.3 1 1
github.com/tonytheleg/inventory-consumer/consumer/options.go:70.2,70.13 1 4
github.com/tonytheleg/inventory-consumer/consumer/options.go:73.38,75.2 1 0
github.com/tonytheleg/inventory-consumer/internal/common/common.go:23.27,27.2 3 0
github.com/tonytheleg/inventory-consumer/internal/common/common.go:29.31,31.2 1 0
github.com/tonytheleg/inventory-consumer/internal/common/common.go:34.83,37.35 2 0
github.com/tonytheleg/inventory-consumer/internal/common/common.go:38.15,39.25 1 0
github.com/tonytheleg/inventory-consumer/internal/common/common.go:40.14,41.24 1 0
github.com/tonytheleg/inventory-consumer/internal/common/common.go:42.14,43.24 1 0
github.com/tonytheleg/inventory-consumer/internal/common/common.go:44.15,45.25 1 0
github.com/tonytheleg/inventory-consumer/internal/common/common.go:46.15,47.25 1 0
github.com/tonytheleg/inventory-consumer/internal/common/common.go:48.10,50.24 2 0
github.com/tonytheleg/inventory-consumer/internal/common/common.go:53.2,64.37 4 0
github.com/tonytheleg/inventory-consumer/internal/common/common.go:68.32,69.14 1 0
github.com/tonytheleg/inventory-consumer/internal/common/common.go:69.14,71.3 1 0
github.com/tonytheleg/inventory-consumer/internal/common/common.go:72.2,72.34 1 0
github.com/tonytheleg/inventory-consumer/internal/common/common.go:73.117,74.36 1 0
github.com/tonytheleg/inventory-consumer/internal/common/common.go:75.21,76.37 1 0
github.com/tonytheleg/inventory-consumer/internal/common/common.go:78.2,78.14 1 0
github.com/tonytheleg/inventory-consumer/internal/common/common.go:81.121,83.54 2 1
github.com/tonytheleg/inventory-consumer/internal/common/common.go:83.54,85.46 2 13
github.com/tonytheleg/inventory-consumer/internal/common/common.go:85.46,86.12 1 2
github.com/tonytheleg/inventory-consumer/internal/common/common.go:87.9,89.4 1 11
